<?xml version="1.0" encoding="UTF-8"?>
<!-- Generated by org.testng.reporters.JUnitReportReporter -->
<testsuite skipped="0" hostname="MT-KHI-17" name="au.com.miracletek.tests.FinalSmokeTests" tests="1" failures="0" timestamp="28 Mar 2018 05:28:53 GMT" time="84.727" errors="0">
  <testcase name="Test01" time="84.727" classname="au.com.miracletek.tests.FinalSmokeTests"/>
</testsuite> <!-- au.com.miracletek.tests.FinalSmokeTests -->
