<?xml version="1.0" encoding="UTF-8"?>
<!-- Generated by org.testng.reporters.JUnitReportReporter -->
<testsuite skipped="0" hostname="MT-KHI-17" name="au.com.miracletek.tests.Demo5" tests="1" failures="0" timestamp="12 Mar 2018 11:26:14 GMT" time="0.012" errors="0">
  <testcase name="Test01" time="0.012" classname="au.com.miracletek.tests.Demo5"/>
</testsuite> <!-- au.com.miracletek.tests.Demo5 -->
