<?xml version="1.0" encoding="UTF-8"?>
<!-- Generated by org.testng.reporters.JUnitReportReporter -->
<testsuite skipped="0" hostname="MT-KHI-17" name="au.com.miracletek.tests.Demo2" tests="2" failures="0" timestamp="05 Mar 2018 04:54:08 GMT" time="0.015" errors="0">
  <testcase name="Test01" time="0.014" classname="au.com.miracletek.tests.Demo2"/>
  <testcase name="Test02" time="0.001" classname="au.com.miracletek.tests.Demo2"/>
</testsuite> <!-- au.com.miracletek.tests.Demo2 -->
